<?xml version="1.0" encoding="UTF-8"?>
<testng-results ignored="0" total="1" passed="0" failed="1" skipped="0">
  <reporter-output>
  </reporter-output>
  <suite started-at="2024-04-15T08:58:52 WIB" name="Test Suite" finished-at="2024-04-15T08:58:54 WIB" duration-ms="1612">
    <groups>
      <group name="cucumber">
        <method signature="AbstractTestNGCucumberTests.runScenario(io.cucumber.testng.PickleWrapper,io.cucumber.testng.FeatureWrapper)[pri:0, instance:runner.TestRunner@7b227d8d]" name="runScenario" class="io.cucumber.testng.AbstractTestNGCucumberTests"/>
      </group> <!-- cucumber -->
    </groups>
    <test started-at="2024-04-15T08:58:52 WIB" name="Regression Tests" finished-at="2024-04-15T08:58:54 WIB" duration-ms="1612">
      <class name="runner.TestRunner">
        <test-method is-config="true" signature="setUpClass(org.testng.ITestContext)[pri:0, instance:runner.TestRunner@7b227d8d]" started-at="2024-04-15T08:58:52 WIB" name="setUpClass" finished-at="2024-04-15T08:58:53 WIB" duration-ms="470" status="PASS">
          <params>
            <param index="0">
              <value>
                <![CDATA[org.testng.TestRunner@37045b48]]>
              </value>
            </param>
          </params>
          <reporter-output>
          </reporter-output>
        </test-method> <!-- setUpClass -->
        <test-method signature="runScenario(io.cucumber.testng.PickleWrapper,io.cucumber.testng.FeatureWrapper)[pri:0, instance:runner.TestRunner@7b227d8d]" started-at="2024-04-15T08:58:53 WIB" name="runScenario" description="Runs Cucumber Scenarios" data-provider="scenarios" finished-at="2024-04-15T08:58:53 WIB" duration-ms="137" status="FAIL">
          <params>
            <param index="0">
              <value>
                <![CDATA["Validates josdem website title"]]>
              </value>
            </param>
            <param index="1">
              <value>
                <![CDATA["josdem Test"]]>
              </value>
            </param>
          </params>
          <exception class="java.lang.NullPointerException">
            <message>
              <![CDATA[Cannot invoke "org.openqa.selenium.WebDriver.get(String)" because "object.Object.driver" is null]]>
            </message>
            <full-stacktrace>
              <![CDATA[java.lang.NullPointerException: Cannot invoke "org.openqa.selenium.WebDriver.get(String)" because "object.Object.driver" is null
at object.Object.getLink(Object.java:15)
at steps.StepsDef.loadingWebsite(StepsDef.java:43)
at ✽.Website as "https://josdem.io/"(file:///home/hisyam/Automation/testngcucumber/demo/src/test/resources/features/test.feature:4)
]]>
            </full-stacktrace>
          </exception> <!-- java.lang.NullPointerException -->
          <reporter-output>
          </reporter-output>
        </test-method> <!-- runScenario -->
        <test-method is-config="true" signature="tearDownClass()[pri:0, instance:runner.TestRunner@7b227d8d]" started-at="2024-04-15T08:58:53 WIB" name="tearDownClass" finished-at="2024-04-15T08:58:54 WIB" duration-ms="966" status="PASS">
          <reporter-output>
          </reporter-output>
        </test-method> <!-- tearDownClass -->
      </class> <!-- runner.TestRunner -->
    </test> <!-- Regression Tests -->
  </suite> <!-- Test Suite -->
</testng-results>
