<?xml version="1.0" encoding="UTF-8"?>
<testsuite xmlns:xsi="http://www.w3.org/2001/XMLSchema-instance" xsi:noNamespaceSchemaLocation="https://maven.apache.org/surefire/maven-surefire-plugin/xsd/surefire-test-report.xsd" name="TestSuite" time="1.962" tests="1" errors="0" skipped="0" failures="1">
  <properties>
[...]
</properties>
  <testcase name="runScenario" classname="runner.TestRunner" time="0.144">
    <failure message="Cannot invoke &quot;org.openqa.selenium.WebDriver.get(String)&quot; because &quot;object.Object.driver&quot; is null" type="java.lang.NullPointerException">java.lang.NullPointerException: Cannot invoke "org.openqa.selenium.WebDriver.get(String)" because "object.Object.driver" is null
</failure>
    <system-out><![CDATA[
@smoke
Scenario: Validates josdem website title &amp#27;[90m# src/test/resources/features/test.feature:3&amp#27;[0m
  &amp#27;[31mGiven &amp#27;[0m&amp#27;[31mWebsite as &amp#27;[0m&amp#27;[31m&amp#27;[1m"https://josdem.io/"&amp#27;[0m  &amp#27;[90m# steps.StepsDef.loadingWebsite(java.lang.String)&amp#27;[0m
      &amp#27;[31mjava.lang.NullPointerException: Cannot invoke "org.openqa.selenium.WebDriver.get(String)" because "object.Object.driver" is null
	at object.Object.getLink(Object.java:15)
	at steps.StepsDef.loadingWebsite(StepsDef.java:43)
	at ✽.Website as "https://josdem.io/"(file:///home/hisyam/Automation/testngcucumber/demo/src/test/resources/features/test.feature:4)
&amp#27;[0m
  &amp#27;[36mThen &amp#27;[0m&amp#27;[36mI validate is &amp#27;[0m&amp#27;[36m&amp#27;[1m"josdem"&amp#27;[0m            &amp#27;[90m# steps.StepsDef.validateTitle(java.lang.String)&amp#27;[0m
]]></system-out>
    <system-err><![CDATA[SLF4J: Failed to load class "org.slf4j.impl.StaticLoggerBinder".
SLF4J: Defaulting to no-operation (NOP) logger implementation
SLF4J: See http://www.slf4j.org/codes.html#StaticLoggerBinder for further details.
]]></system-err>
  </testcase>
</testsuite>