<?xml version="1.0" encoding="UTF-8"?>
<!-- Generated by org.testng.reporters.JUnitXMLReporter -->
<testsuite ignored="0" hostname="Hisyam" failures="1" tests="1" name="Regression Tests" time="1.612" errors="0" timestamp="2024-04-15T08:58:54 WIB">
  <testcase classname="io.cucumber.testng.AbstractTestNGCucumberTests" name="runScenario" time="0.137">
    <failure type="java.lang.NullPointerException" message="Cannot invoke &amp;quot;org.openqa.selenium.WebDriver.get(String)&amp;quot; because &amp;quot;object.Object.driver&amp;quot; is null">
      <![CDATA[java.lang.NullPointerException: Cannot invoke "org.openqa.selenium.WebDriver.get(String)" because "object.Object.driver" is null
at object.Object.getLink(Object.java:15)
at steps.StepsDef.loadingWebsite(StepsDef.java:43)
at ✽.Website as "https://josdem.io/"(file:///home/hisyam/Automation/testngcucumber/demo/src/test/resources/features/test.feature:4)
]]>
    </failure>
  </testcase> <!-- runScenario -->
</testsuite> <!-- Regression Tests -->
