<?xml version="1.0" encoding="UTF-8"?>
<!-- Generated by org.testng.reporters.JUnitReportReporter -->
<testsuite hostname="Hisyam" failures="0" tests="1" name="runner.TestRunner" time="0.137" errors="1" timestamp="2024-04-15T08:58:54 WIB" skipped="0">
  <testcase classname="runner.TestRunner" name="runScenario" time="0.137">
    <error message="Cannot invoke &quot;org.openqa.selenium.WebDriver.get(String)&quot; because &quot;object.Object.driver&quot; is null" type="java.lang.NullPointerException">
      <![CDATA[java.lang.NullPointerException: Cannot invoke "org.openqa.selenium.WebDriver.get(String)" because "object.Object.driver" is null
at object.Object.getLink(Object.java:15)
at steps.StepsDef.loadingWebsite(StepsDef.java:43)
at ✽.Website as "https://josdem.io/"(file:///home/hisyam/Automation/testngcucumber/demo/src/test/resources/features/test.feature:4)
]]>
    </error>
  </testcase> <!-- runScenario -->
  <system-out/>
</testsuite> <!-- runner.TestRunner -->
